INFO: 2018/11/26 08:31:00.350828 connect.go:71: Adding a new miner: 52.56.39.190:8000
INFO: 2018/11/26 08:31:00.352240 funds.go:153: Transaction successfully sent to network:
TxHash: c7b5c15fee7b38ca527caa8ef7ad7f5b9f826a59e08f316f18f6eb8c8ff108ab
Header: 0
Amount: 2
Fee: 1
TxCnt: 51
From: 7921e1ae671cb278
To: 8fd922cd7ddf4cc4
Sig1: bade63f16abe6c6e
Sig2: 5f3cab04419b3438
Data: []
INFO: 2018/11/26 08:31:20.359602 main.go:38: flag provided but not defined: -txCount
INFO: 2018/11/26 08:32:17.568132 connect.go:71: Adding a new miner: 52.56.39.190:8000
INFO: 2018/11/26 08:32:17.569434 funds.go:153: Transaction successfully sent to network:
TxHash: c7b5c15fee7b38ca527caa8ef7ad7f5b9f826a59e08f316f18f6eb8c8ff108ab
Header: 0
Amount: 2
Fee: 1
TxCnt: 51
From: 7921e1ae671cb278
To: 8fd922cd7ddf4cc4
Sig1: 638084d324222df8
Sig2: 5e11a0a804adc007
Data: []
INFO: 2018/11/26 08:32:37.587553 connect.go:71: Adding a new miner: 52.56.39.190:8000
INFO: 2018/11/26 08:32:37.588944 funds.go:153: Transaction successfully sent to network:
TxHash: d3dc443ed0c270c36f2970488d63e90fad729a562fb923dc1dbea48437943209
Header: 0
Amount: 3
Fee: 1
TxCnt: 51
From: 327f2cf4e118bc13
To: fbd2242364449fac
Sig1: 9736017ebe3daaf2
Sig2: e41e7bbd885a473d
Data: []
INFO: 2018/11/26 08:33:07.606649 connect.go:71: Adding a new miner: 52.56.39.190:8000
INFO: 2018/11/26 08:33:07.607962 funds.go:153: Transaction successfully sent to network:
TxHash: c399a30508ad8c03f85fb2d927b56111f658940be89a06a03b87fcf77771c262
Header: 0
Amount: 4
Fee: 1
TxCnt: 51
From: b21a61dd4bec8d3b
To: 43fbf0635c490612
Sig1: 0931eaca2b418a06
Sig2: 9a3094317e31aea6
Data: []
INFO: 2018/11/26 08:33:15.625746 connect.go:71: Adding a new miner: 52.56.39.190:8000
INFO: 2018/11/26 08:33:15.627065 funds.go:153: Transaction successfully sent to network:
TxHash: d447f6c8a35e6ed2157f8b26b11ba45439974b4b4908b4235491921e5f58555c
Header: 0
Amount: 2
Fee: 1
TxCnt: 52
From: 7921e1ae671cb278
To: 8fd922cd7ddf4cc4
Sig1: 79907c7145b24570
Sig2: b7210662f1d837d5
Data: []
INFO: 2018/11/26 08:33:35.645110 connect.go:71: Adding a new miner: 52.56.39.190:8000
INFO: 2018/11/26 08:33:35.646561 funds.go:153: Transaction successfully sent to network:
TxHash: 9daf60271fb7cdda34283bf24efb2801c346d4cef74ac8595b632819007cc9ed
Header: 0
Amount: 3
Fee: 1
TxCnt: 52
From: 327f2cf4e118bc13
To: fbd2242364449fac
Sig1: 9ec209ba379c6740
Sig2: ab60184fea402ca4
Data: []
INFO: 2018/11/26 08:34:05.664521 connect.go:71: Adding a new miner: 52.56.39.190:8000
INFO: 2018/11/26 08:34:05.665792 funds.go:153: Transaction successfully sent to network:
TxHash: 8318a36593b4f6a23ce4e2405c3f65f713604503083fb16c9cc9773793a5a382
Header: 0
Amount: 4
Fee: 1
TxCnt: 52
From: b21a61dd4bec8d3b
To: 43fbf0635c490612
Sig1: 49a18234613bad92
Sig2: 4298a363714a2a6a
Data: []
INFO: 2018/11/26 08:34:13.683743 connect.go:71: Adding a new miner: 52.56.39.190:8000
INFO: 2018/11/26 08:34:13.685065 funds.go:153: Transaction successfully sent to network:
TxHash: 4856dd0203d3c44f554290930daff2703e9a62f959c8b8937987ea53c1ac39cc
Header: 0
Amount: 2
Fee: 1
TxCnt: 53
From: 7921e1ae671cb278
To: 8fd922cd7ddf4cc4
Sig1: 9ef29480369ce234
Sig2: ed546d224256ac4b
Data: []
INFO: 2018/11/26 08:34:33.703019 connect.go:71: Adding a new miner: 52.56.39.190:8000
INFO: 2018/11/26 08:34:33.704402 funds.go:153: Transaction successfully sent to network:
TxHash: 036a11b135883330104388963f4fbfcae7d6d1c9031aaf804a963f99301cb2ef
Header: 0
Amount: 3
Fee: 1
TxCnt: 53
From: 327f2cf4e118bc13
To: fbd2242364449fac
Sig1: 9ebea8f2d2ce4d2c
Sig2: dfac3cdafa6f5ecf
Data: []
INFO: 2018/11/26 08:35:03.722394 connect.go:71: Adding a new miner: 52.56.39.190:8000
INFO: 2018/11/26 08:35:03.723875 funds.go:153: Transaction successfully sent to network:
TxHash: 53e0a301665e80afa055cb7019791f9d6b875058f4fca115b621eadb8f7c12dd
Header: 0
Amount: 4
Fee: 1
TxCnt: 53
From: b21a61dd4bec8d3b
To: 43fbf0635c490612
Sig1: 1e0665dc3d3bfce6
Sig2: 77d068663a06dc62
Data: []
INFO: 2018/11/26 08:35:11.741830 connect.go:71: Adding a new miner: 52.56.39.190:8000
INFO: 2018/11/26 08:35:11.743120 funds.go:153: Transaction successfully sent to network:
TxHash: 3c2df6096566bb749e996f86c463f9275284b32a66d3e105f4f67751b7356d85
Header: 0
Amount: 2
Fee: 1
TxCnt: 54
From: 7921e1ae671cb278
To: 8fd922cd7ddf4cc4
Sig1: de4d78f36937bca1
Sig2: 57c91b82cf8534c1
Data: []
INFO: 2018/11/26 08:35:31.761501 connect.go:71: Adding a new miner: 52.56.39.190:8000
INFO: 2018/11/26 08:35:31.762975 funds.go:153: Transaction successfully sent to network:
TxHash: ed75ce58d880fefe585cacb00cae2d7e186a0f6c31928811797087a2b00b59d6
Header: 0
Amount: 3
Fee: 1
TxCnt: 54
From: 327f2cf4e118bc13
To: fbd2242364449fac
Sig1: a4d952fffd388c3a
Sig2: 56e4b5812f3f8bcb
Data: []
INFO: 2018/11/26 08:36:01.780937 connect.go:71: Adding a new miner: 52.56.39.190:8000
INFO: 2018/11/26 08:36:01.782315 funds.go:153: Transaction successfully sent to network:
TxHash: bbbe5ed03d35f9bd36b728226dd18890a4d290b856c0e968c5499d624e64908f
Header: 0
Amount: 4
Fee: 1
TxCnt: 54
From: b21a61dd4bec8d3b
To: 43fbf0635c490612
Sig1: 027e5c016a82eb3f
Sig2: d841144933c1d8b6
Data: []
INFO: 2018/11/26 08:36:09.800380 connect.go:71: Adding a new miner: 52.56.39.190:8000
INFO: 2018/11/26 08:36:09.801819 funds.go:153: Transaction successfully sent to network:
TxHash: 5ee247759e71bc59afab23e6d3e406fb4778672745cac1b7b236b622a5a7d417
Header: 0
Amount: 2
Fee: 1
TxCnt: 55
From: 7921e1ae671cb278
To: 8fd922cd7ddf4cc4
Sig1: 25d911fe84b44194
Sig2: cc6beae8fc1860d6
Data: []
INFO: 2018/11/26 08:36:29.819825 connect.go:71: Adding a new miner: 52.56.39.190:8000
INFO: 2018/11/26 08:36:29.821210 funds.go:153: Transaction successfully sent to network:
TxHash: 4adc68ca8aee2918864d7a60bcb579e900aebe1e993a29cc14c2743a2d07c1c0
Header: 0
Amount: 3
Fee: 1
TxCnt: 55
From: 327f2cf4e118bc13
To: fbd2242364449fac
Sig1: 9d1f0b5852e010b9
Sig2: e3fc8c99f9884c77
Data: []
INFO: 2018/11/26 08:36:59.839493 connect.go:71: Adding a new miner: 52.56.39.190:8000
INFO: 2018/11/26 08:36:59.840890 funds.go:153: Transaction successfully sent to network:
TxHash: b44eafe789fe87a88db48ee4eee4d59a520101ff2ae5df22843617ad656d7a23
Header: 0
Amount: 4
Fee: 1
TxCnt: 55
From: b21a61dd4bec8d3b
To: 43fbf0635c490612
Sig1: 8a66fdf5328113df
Sig2: 869eadcce223b803
Data: []
INFO: 2018/11/26 08:37:07.859054 connect.go:71: Adding a new miner: 52.56.39.190:8000
INFO: 2018/11/26 08:37:07.860856 funds.go:153: Transaction successfully sent to network:
TxHash: 0cebb3cf4f0f84a64b2c0904b4fd281ab262efbeae70e80934cf4824d5bc9399
Header: 0
Amount: 2
Fee: 1
TxCnt: 56
From: 7921e1ae671cb278
To: 8fd922cd7ddf4cc4
Sig1: 89abfb19d793071a
Sig2: a0f48beb7ff88b25
Data: []
INFO: 2018/11/26 08:37:27.879299 connect.go:71: Adding a new miner: 52.56.39.190:8000
INFO: 2018/11/26 08:37:27.880729 funds.go:153: Transaction successfully sent to network:
TxHash: 1aff7f75f5d627444b6d8d7ccaac17d26eb4793f0ded7fc3517cdfba97fee45f
Header: 0
Amount: 3
Fee: 1
TxCnt: 56
From: 327f2cf4e118bc13
To: fbd2242364449fac
Sig1: 39024533d8825277
Sig2: bf6e96d3ce7bfa49
Data: []
INFO: 2018/11/26 08:37:57.898361 connect.go:71: Adding a new miner: 52.56.39.190:8000
INFO: 2018/11/26 08:37:57.900216 funds.go:153: Transaction successfully sent to network:
TxHash: d8904ed4a59c88e0f1e7d218dc5567ded4d849fb8c12dc994d352bd62b605eb9
Header: 0
Amount: 4
Fee: 1
TxCnt: 56
From: b21a61dd4bec8d3b
To: 43fbf0635c490612
Sig1: df0994a9816d7c51
Sig2: dbfba8d3fea0f7f2
Data: []
INFO: 2018/11/26 08:38:05.918227 connect.go:71: Adding a new miner: 52.56.39.190:8000
INFO: 2018/11/26 08:38:05.920209 funds.go:153: Transaction successfully sent to network:
TxHash: 693e0407b3eb02777068da592f72a54e613bde782a4e426e33dc2793f381c409
Header: 0
Amount: 2
Fee: 1
TxCnt: 57
From: 7921e1ae671cb278
To: 8fd922cd7ddf4cc4
Sig1: 7f92c684a9922e18
Sig2: de883705c8c4a34d
Data: []
INFO: 2018/11/26 08:38:25.938322 connect.go:71: Adding a new miner: 52.56.39.190:8000
INFO: 2018/11/26 08:38:25.939653 funds.go:153: Transaction successfully sent to network:
TxHash: dd20323ece42c0bf39a9a91e4e45ff142189847c26703b6eb58f73ab49fe926b
Header: 0
Amount: 3
Fee: 1
TxCnt: 57
From: 327f2cf4e118bc13
To: fbd2242364449fac
Sig1: dfc0964b2213a705
Sig2: a85a2f31a1918c4f
Data: []
INFO: 2018/11/26 08:38:55.957461 connect.go:71: Adding a new miner: 52.56.39.190:8000
INFO: 2018/11/26 08:38:55.958714 funds.go:153: Transaction successfully sent to network:
TxHash: f0c82baf2c0236da1bebc028f4b7ff7328728a111ba138b621810f44bccad183
Header: 0
Amount: 4
Fee: 1
TxCnt: 57
From: b21a61dd4bec8d3b
To: 43fbf0635c490612
Sig1: 4ad67e22a4cc434f
Sig2: 53cff1e39028ea82
Data: []
INFO: 2018/11/26 08:39:03.977875 connect.go:71: Adding a new miner: 52.56.39.190:8000
INFO: 2018/11/26 08:39:03.979187 funds.go:153: Transaction successfully sent to network:
TxHash: ba814fbaa3fcb92561dcad1e6d789d7b15ac3bb625ca5dc84c6b646283df7fe8
Header: 0
Amount: 2
Fee: 1
TxCnt: 58
From: 7921e1ae671cb278
To: 8fd922cd7ddf4cc4
Sig1: 3d7878610a94fd01
Sig2: 0b1368be49164c1b
Data: []
INFO: 2018/11/26 08:39:23.997907 connect.go:71: Adding a new miner: 52.56.39.190:8000
INFO: 2018/11/26 08:39:23.999451 funds.go:153: Transaction successfully sent to network:
TxHash: e5c19c4b66f330cd43784eb524828df9cbefb0661695e39f9586385c6ce8ea1a
Header: 0
Amount: 3
Fee: 1
TxCnt: 58
From: 327f2cf4e118bc13
To: fbd2242364449fac
Sig1: 0bb11be957fc06bc
Sig2: ccf42dfc2e737e48
Data: []
INFO: 2018/11/26 08:39:54.018256 connect.go:71: Adding a new miner: 52.56.39.190:8000
INFO: 2018/11/26 08:39:54.019848 funds.go:153: Transaction successfully sent to network:
TxHash: f45c80e1daa5830d06a305b0a42e6fc1651840e97790c556acdd7ad3112196fb
Header: 0
Amount: 4
Fee: 1
TxCnt: 58
From: b21a61dd4bec8d3b
To: 43fbf0635c490612
Sig1: 1a5a7bd2ea26c5f7
Sig2: 2603cedf3c2bba20
Data: []
INFO: 2018/11/26 08:40:02.038145 connect.go:71: Adding a new miner: 52.56.39.190:8000
INFO: 2018/11/26 08:40:02.039648 funds.go:153: Transaction successfully sent to network:
TxHash: 6f1190deda44e591f57251cd575c8d557df487af1ccc7f5d0209fdf06b6542cf
Header: 0
Amount: 2
Fee: 1
TxCnt: 59
From: 7921e1ae671cb278
To: 8fd922cd7ddf4cc4
Sig1: b65671d74e4af017
Sig2: f7ce5de44a14e19e
Data: []
INFO: 2018/11/26 08:40:22.057889 connect.go:71: Adding a new miner: 52.56.39.190:8000
INFO: 2018/11/26 08:40:22.059404 funds.go:153: Transaction successfully sent to network:
TxHash: 74628570999b545d398d8bfef08532f747ef7bfffe22aa291d8e53fe03e38992
Header: 0
Amount: 3
Fee: 1
TxCnt: 59
From: 327f2cf4e118bc13
To: fbd2242364449fac
Sig1: aaaa88db5b4ee457
Sig2: 70c2d21c704f8995
Data: []
INFO: 2018/11/26 08:40:52.077337 connect.go:71: Adding a new miner: 52.56.39.190:8000
INFO: 2018/11/26 08:40:52.078609 funds.go:153: Transaction successfully sent to network:
TxHash: 8d169762075f82a96fd61307be1de527145c9b4800ecd636ae8a1bb187982b94
Header: 0
Amount: 4
Fee: 1
TxCnt: 59
From: b21a61dd4bec8d3b
To: 43fbf0635c490612
Sig1: 43afa0da7b9e9833
Sig2: 70eac8ac5a36b3e7
Data: []
INFO: 2018/11/26 08:41:00.096122 connect.go:71: Adding a new miner: 52.56.39.190:8000
INFO: 2018/11/26 08:41:00.098056 funds.go:153: Transaction successfully sent to network:
TxHash: 75f9e034ec19aa9ccafa580411d2cfb920ac15cf3b0122c4a08331f0a6f31085
Header: 0
Amount: 2
Fee: 1
TxCnt: 60
From: 7921e1ae671cb278
To: 8fd922cd7ddf4cc4
Sig1: 57efb32305abe24a
Sig2: a20cfb63b9aca4b5
Data: []
INFO: 2018/11/26 08:41:20.115841 connect.go:71: Adding a new miner: 52.56.39.190:8000
INFO: 2018/11/26 08:41:20.117199 funds.go:153: Transaction successfully sent to network:
TxHash: d54aad2e3a1c2bb3567637b19c782ab0126057cda82b72450eb3276992809992
Header: 0
Amount: 3
Fee: 1
TxCnt: 60
From: 327f2cf4e118bc13
To: fbd2242364449fac
Sig1: ef0bc22c253ec2e6
Sig2: 34e65b43e209f26b
Data: []
INFO: 2018/11/26 08:41:50.134947 connect.go:71: Adding a new miner: 52.56.39.190:8000
INFO: 2018/11/26 08:41:50.136318 funds.go:153: Transaction successfully sent to network:
TxHash: bfbc4d4a3a76f32d306a326f20c46c893ed9ce65f4ae4e1f495fdb29a3d525d6
Header: 0
Amount: 4
Fee: 1
TxCnt: 60
From: b21a61dd4bec8d3b
To: 43fbf0635c490612
Sig1: 299f4ae3bc2d2228
Sig2: 1810068dfc2dca34
Data: []
