INFO: 2018/11/25 11:40:40.872762 connect.go:71: Adding a new miner: 52.56.39.190:8000
INFO: 2018/11/25 11:40:40.874200 funds.go:153: Transaction successfully sent to network:
TxHash: 86981b235f25bf7b25bce200e178fc33601eb23f0638490ded3a4709e8f2da05
Header: 0
Amount: 2
Fee: 1
TxCnt: 8
From: 78c1e459c9b70a63
To: 8fd922cd7ddf4cc4
Sig1: 5ddb10a83939c448
Sig2: 29533299afd1fd08
Data: []
INFO: 2018/11/25 12:11:04.723746 main.go:38: invalid value "{9" for flag -txcount: strconv.ParseInt: parsing "{9": invalid syntax
INFO: 2018/11/25 12:11:24.730350 main.go:38: invalid value "to" for flag -txcount: strconv.ParseInt: parsing "to": invalid syntax
INFO: 2018/11/25 12:16:02.181404 connect.go:71: Adding a new miner: 52.56.39.190:8000
INFO: 2018/11/25 12:16:02.182787 funds.go:153: Transaction successfully sent to network:
TxHash: 36cd5c5b3fde5b8e124563488289ddb31e2884c35421978cc154bdc0e74b18e1
Header: 0
Amount: 2
Fee: 1
TxCnt: 9
From: 78c1e459c9b70a63
To: 8fd922cd7ddf4cc4
Sig1: 9f561f1169ddbe9e
Sig2: 66bf240d3d2c09b6
Data: []
INFO: 2018/11/25 12:16:22.200795 connect.go:71: Adding a new miner: 52.56.39.190:8000
INFO: 2018/11/25 12:16:22.202276 funds.go:153: Transaction successfully sent to network:
TxHash: 6e746404b17e69a4a24db847cdef6dd40127a3b55274f12919c9b540187f9174
Header: 0
Amount: 2
Fee: 1
TxCnt: 10
From: 78c1e459c9b70a63
To: 8fd922cd7ddf4cc4
Sig1: 899abbf5fc785112
Sig2: 843b6f758afa71f8
Data: []
INFO: 2018/11/25 12:16:42.220300 connect.go:71: Adding a new miner: 52.56.39.190:8000
INFO: 2018/11/25 12:16:42.221680 funds.go:153: Transaction successfully sent to network:
TxHash: a48b95283adddb9694fef91e3f9c4f9527cd9e93b0a9195b1da6910d631f7e10
Header: 0
Amount: 2
Fee: 1
TxCnt: 11
From: 78c1e459c9b70a63
To: 8fd922cd7ddf4cc4
Sig1: a0a5ff75d3c25a36
Sig2: a58825a69b39cf4d
Data: []
INFO: 2018/11/25 12:17:02.239648 connect.go:71: Adding a new miner: 52.56.39.190:8000
INFO: 2018/11/25 12:17:02.241908 funds.go:153: Transaction successfully sent to network:
TxHash: c310ae4b5a6668465ed7395917c46d521671c555830ac58574f1f317c6434fce
Header: 0
Amount: 2
Fee: 1
TxCnt: 12
From: 78c1e459c9b70a63
To: 8fd922cd7ddf4cc4
Sig1: e949442a91443e4c
Sig2: 735405f02869e487
Data: []
INFO: 2018/11/25 12:17:22.260201 connect.go:71: Adding a new miner: 52.56.39.190:8000
INFO: 2018/11/25 12:17:22.261720 funds.go:153: Transaction successfully sent to network:
TxHash: 4c6676fc1cd16a494eaaa8405afe0d1b44fce01c053a7d71d040aaa91dbd2c2b
Header: 0
Amount: 2
Fee: 1
TxCnt: 13
From: 78c1e459c9b70a63
To: 8fd922cd7ddf4cc4
Sig1: 33751344038f0bb7
Sig2: 2ed1400d0551845e
Data: []
INFO: 2018/11/25 12:17:42.279810 connect.go:71: Adding a new miner: 52.56.39.190:8000
INFO: 2018/11/25 12:17:42.281165 funds.go:153: Transaction successfully sent to network:
TxHash: 523b68d04abaacf48b58b8ac39316c0cc725a54ba78150557db3cc83c8056b7c
Header: 0
Amount: 2
Fee: 1
TxCnt: 14
From: 78c1e459c9b70a63
To: 8fd922cd7ddf4cc4
Sig1: 252c3a27ffad0e61
Sig2: 495827e61b25a44e
Data: []
INFO: 2018/11/25 12:18:02.298925 connect.go:71: Adding a new miner: 52.56.39.190:8000
INFO: 2018/11/25 12:18:02.300314 funds.go:153: Transaction successfully sent to network:
TxHash: 16a1f7ba7531a177765825a1c7bc2492974d48a261ca83827fad94c51ec9da2d
Header: 0
Amount: 2
Fee: 1
TxCnt: 15
From: 78c1e459c9b70a63
To: 8fd922cd7ddf4cc4
Sig1: 09b5360bf1b0bc37
Sig2: f9b612daf74e7468
Data: []
INFO: 2018/11/25 12:18:22.317948 connect.go:71: Adding a new miner: 52.56.39.190:8000
INFO: 2018/11/25 12:18:22.319231 funds.go:153: Transaction successfully sent to network:
TxHash: 7e9078a32184bfb07a741b39dc428084d96bd29e48a7503eecad33a323fa0a64
Header: 0
Amount: 2
Fee: 1
TxCnt: 16
From: 78c1e459c9b70a63
To: 8fd922cd7ddf4cc4
Sig1: c4e99ed5d9037de0
Sig2: 4191eb76d2aef502
Data: []
INFO: 2018/11/25 12:18:42.336806 connect.go:71: Adding a new miner: 52.56.39.190:8000
INFO: 2018/11/25 12:18:42.338176 funds.go:153: Transaction successfully sent to network:
TxHash: 20c9038f302c71fe84587cca5aad9fdeb5f58d7aa7447e62be7a927c8b9dba88
Header: 0
Amount: 2
Fee: 1
TxCnt: 17
From: 78c1e459c9b70a63
To: 8fd922cd7ddf4cc4
Sig1: f733e6a05f5cadf9
Sig2: 6b7c051c04684306
Data: []
INFO: 2018/11/25 12:19:02.355880 connect.go:71: Adding a new miner: 52.56.39.190:8000
INFO: 2018/11/25 12:19:02.357548 funds.go:153: Transaction successfully sent to network:
TxHash: ed9755d6d835de75c7eff752f75f0721ba0f0210a53a0e073aab05914971c381
Header: 0
Amount: 2
Fee: 1
TxCnt: 18
From: 78c1e459c9b70a63
To: 8fd922cd7ddf4cc4
Sig1: 8672a01e5ea53a21
Sig2: e568718ce240cd57
Data: []
INFO: 2018/11/25 12:19:22.375247 connect.go:71: Adding a new miner: 52.56.39.190:8000
INFO: 2018/11/25 12:19:22.376727 funds.go:153: Transaction successfully sent to network:
TxHash: e9932c03cbacab1234bf7a754f9190e2f6cda7e92c6bf1ffa0f3406a3d285620
Header: 0
Amount: 2
Fee: 1
TxCnt: 19
From: 78c1e459c9b70a63
To: 8fd922cd7ddf4cc4
Sig1: cad803b811d5889c
Sig2: 8dc799b76ac2cd80
Data: []
INFO: 2018/11/25 12:19:42.394611 connect.go:71: Adding a new miner: 52.56.39.190:8000
INFO: 2018/11/25 12:19:42.395987 funds.go:153: Transaction successfully sent to network:
TxHash: 102cffeddd3359f02c3b1b8d939f8f11c288a15775642c0dda2f5a24febf77e3
Header: 0
Amount: 2
Fee: 1
TxCnt: 20
From: 78c1e459c9b70a63
To: 8fd922cd7ddf4cc4
Sig1: d3221258da509d4e
Sig2: 9e8535b21875537f
Data: []
INFO: 2018/11/25 12:20:02.413904 connect.go:71: Adding a new miner: 52.56.39.190:8000
INFO: 2018/11/25 12:20:02.415435 funds.go:153: Transaction successfully sent to network:
TxHash: ac4323ed3370e5b80dbd3e73ced4dac9f3a479a414c0674a041dbf4f8e9b8c56
Header: 0
Amount: 2
Fee: 1
TxCnt: 21
From: 78c1e459c9b70a63
To: 8fd922cd7ddf4cc4
Sig1: cea640349c5ca279
Sig2: ec3faa1af708e122
Data: []
INFO: 2018/11/25 12:20:22.433278 connect.go:71: Adding a new miner: 52.56.39.190:8000
INFO: 2018/11/25 12:20:22.434674 funds.go:153: Transaction successfully sent to network:
TxHash: bc91d2ba586ddd4bbce43bb27f67fa7679d530ce3859a7afcce0641b67d5675d
Header: 0
Amount: 2
Fee: 1
TxCnt: 22
From: 78c1e459c9b70a63
To: 8fd922cd7ddf4cc4
Sig1: 651607bf0bfe8024
Sig2: f21a6a3d6fdd4843
Data: []
INFO: 2018/11/25 12:20:42.452359 connect.go:71: Adding a new miner: 52.56.39.190:8000
INFO: 2018/11/25 12:20:42.453862 funds.go:153: Transaction successfully sent to network:
TxHash: be0c2a2658943fa733d9e479caa19c0a7530cc2c2fa50cac28099ae02678f03f
Header: 0
Amount: 2
Fee: 1
TxCnt: 23
From: 78c1e459c9b70a63
To: 8fd922cd7ddf4cc4
Sig1: c4f60b9709bc8da7
Sig2: 0afa2b73e3be9770
Data: []
INFO: 2018/11/25 12:21:02.471852 connect.go:71: Adding a new miner: 52.56.39.190:8000
INFO: 2018/11/25 12:21:02.473215 funds.go:153: Transaction successfully sent to network:
TxHash: 9c59e0ad1828161853f05412109c211fdfc09d0bc96c699569d9ba39b0bd83ff
Header: 0
Amount: 2
Fee: 1
TxCnt: 24
From: 78c1e459c9b70a63
To: 8fd922cd7ddf4cc4
Sig1: ad431deccfd31ae5
Sig2: 75faab4003d7bc85
Data: []
INFO: 2018/11/25 12:21:22.491025 connect.go:71: Adding a new miner: 52.56.39.190:8000
INFO: 2018/11/25 12:21:22.492396 funds.go:153: Transaction successfully sent to network:
TxHash: d8d1ab4d925b55f4640c0026ea0e833c728e675a6eb21013d7bceca1fb1639bb
Header: 0
Amount: 2
Fee: 1
TxCnt: 25
From: 78c1e459c9b70a63
To: 8fd922cd7ddf4cc4
Sig1: 5e0e50b476d2cdd7
Sig2: 74e436977084f97c
Data: []
INFO: 2018/11/25 12:21:42.509871 connect.go:71: Adding a new miner: 52.56.39.190:8000
INFO: 2018/11/25 12:21:42.511174 funds.go:153: Transaction successfully sent to network:
TxHash: 74aa7b0c45a8d75dabe06f95d6cea74270b3b17d4e1d6105ccca463f0ec959cb
Header: 0
Amount: 2
Fee: 1
TxCnt: 26
From: 78c1e459c9b70a63
To: 8fd922cd7ddf4cc4
Sig1: e700eff26eabd46f
Sig2: bc593ceecbb0a071
Data: []
INFO: 2018/11/25 12:22:02.529309 connect.go:71: Adding a new miner: 52.56.39.190:8000
INFO: 2018/11/25 12:22:02.530684 funds.go:153: Transaction successfully sent to network:
TxHash: 037c76b2075e528ac10f5587776d996172bd01cf52b32738f56302a73893f978
Header: 0
Amount: 2
Fee: 1
TxCnt: 27
From: 78c1e459c9b70a63
To: 8fd922cd7ddf4cc4
Sig1: 337542c3b061ce53
Sig2: 5659db06c6aa3f94
Data: []
INFO: 2018/11/25 12:22:22.548372 connect.go:71: Adding a new miner: 52.56.39.190:8000
INFO: 2018/11/25 12:22:22.549572 funds.go:153: Transaction successfully sent to network:
TxHash: efa4a61b7494ef999f0a56bb21aa2e51f82d12e9afdefd6f5cadc73ce8e5d56f
Header: 0
Amount: 2
Fee: 1
TxCnt: 28
From: 78c1e459c9b70a63
To: 8fd922cd7ddf4cc4
Sig1: b2f99c1f5aa01ec8
Sig2: be0be70513f6f003
Data: []
INFO: 2018/11/25 12:22:42.567364 connect.go:71: Adding a new miner: 52.56.39.190:8000
INFO: 2018/11/25 12:22:42.568801 funds.go:153: Transaction successfully sent to network:
TxHash: e6b7754aeffa5cfbc53347786f7dfdb51bedd67b9d415000b6edcca5f3274165
Header: 0
Amount: 2
Fee: 1
TxCnt: 29
From: 78c1e459c9b70a63
To: 8fd922cd7ddf4cc4
Sig1: 8b19fa3934226b02
Sig2: f210ef507d47748b
Data: []
INFO: 2018/11/25 12:23:02.586830 connect.go:71: Adding a new miner: 52.56.39.190:8000
INFO: 2018/11/25 12:23:02.588188 funds.go:153: Transaction successfully sent to network:
TxHash: 636842a0b851cd09bb7e9d45f6ac9b591a47b3af76beaf454b8e50f9b66ff064
Header: 0
Amount: 2
Fee: 1
TxCnt: 30
From: 78c1e459c9b70a63
To: 8fd922cd7ddf4cc4
Sig1: 08a97a476844bb55
Sig2: d2c4c0872e89b325
Data: []
INFO: 2018/11/25 12:23:22.606011 connect.go:71: Adding a new miner: 52.56.39.190:8000
INFO: 2018/11/25 12:23:22.607444 funds.go:153: Transaction successfully sent to network:
TxHash: 68b110adbeb034ee0883ecbabe2b7b383463dfddff6e8bd21a12f4e774dd1f09
Header: 0
Amount: 2
Fee: 1
TxCnt: 31
From: 78c1e459c9b70a63
To: 8fd922cd7ddf4cc4
Sig1: 7febc98c97286dd5
Sig2: a4d6853507e33308
Data: []
INFO: 2018/11/25 12:23:42.625360 connect.go:71: Adding a new miner: 52.56.39.190:8000
INFO: 2018/11/25 12:23:42.626733 funds.go:153: Transaction successfully sent to network:
TxHash: 606a496dcc9e3652eea217fc6899168d1919032473060186ae1eb403b57b4a35
Header: 0
Amount: 2
Fee: 1
TxCnt: 32
From: 78c1e459c9b70a63
To: 8fd922cd7ddf4cc4
Sig1: 61ba11dc1567bd8a
Sig2: b623b89f4c02ee34
Data: []
INFO: 2018/11/25 12:24:02.644417 connect.go:71: Adding a new miner: 52.56.39.190:8000
INFO: 2018/11/25 12:24:02.645652 funds.go:153: Transaction successfully sent to network:
TxHash: e6430ac4179b42cb71fa830cc6cf977589f37aa0e3206742eca5052d12a668b8
Header: 0
Amount: 2
Fee: 1
TxCnt: 33
From: 78c1e459c9b70a63
To: 8fd922cd7ddf4cc4
Sig1: a57b611dfbe682c6
Sig2: 31a4fa25d0cfa0bf
Data: []
INFO: 2018/11/25 12:24:22.663227 connect.go:71: Adding a new miner: 52.56.39.190:8000
INFO: 2018/11/25 12:24:22.664522 funds.go:153: Transaction successfully sent to network:
TxHash: 6186cf8115494acf121b209b86fdf26518938a4c773ac07d4f59b88dbd4e7c1f
Header: 0
Amount: 2
Fee: 1
TxCnt: 34
From: 78c1e459c9b70a63
To: 8fd922cd7ddf4cc4
Sig1: cdaa8c01e9f17fb1
Sig2: 2ff19279402e9008
Data: []
INFO: 2018/11/25 12:24:42.682175 connect.go:71: Adding a new miner: 52.56.39.190:8000
INFO: 2018/11/25 12:24:42.684041 funds.go:153: Transaction successfully sent to network:
TxHash: f666832052404a2bd35193d1283663fe1c00a7e98214856f804497463ff214b7
Header: 0
Amount: 2
Fee: 1
TxCnt: 35
From: 78c1e459c9b70a63
To: 8fd922cd7ddf4cc4
Sig1: 9e4287095a716bfb
Sig2: dc2c4ce2ef8167e6
Data: []
INFO: 2018/11/25 12:25:02.701802 connect.go:71: Adding a new miner: 52.56.39.190:8000
INFO: 2018/11/25 12:25:02.703094 funds.go:153: Transaction successfully sent to network:
TxHash: da1198ec9c252cf229d6e9172106d7350e8f81913db0be0a588761841fde8020
Header: 0
Amount: 2
Fee: 1
TxCnt: 36
From: 78c1e459c9b70a63
To: 8fd922cd7ddf4cc4
Sig1: f6a44a262ad56b4d
Sig2: 8e2b425cfa06094b
Data: []
INFO: 2018/11/25 12:25:22.721291 connect.go:71: Adding a new miner: 52.56.39.190:8000
INFO: 2018/11/25 12:25:22.722896 funds.go:153: Transaction successfully sent to network:
TxHash: fb55838ad636658fc6ab516403667a7868f98feb890f53f40383ae68c31e3a8a
Header: 0
Amount: 2
Fee: 1
TxCnt: 37
From: 78c1e459c9b70a63
To: 8fd922cd7ddf4cc4
Sig1: 3358c0c17743abfb
Sig2: d08b0ed5008a2de8
Data: []
INFO: 2018/11/25 12:25:42.740908 connect.go:71: Adding a new miner: 52.56.39.190:8000
INFO: 2018/11/25 12:25:42.742231 funds.go:153: Transaction successfully sent to network:
TxHash: d9c43e0a481aaeecdd8c303bf3ab87b2b8dc84630331f37850de69321130cc3b
Header: 0
Amount: 2
Fee: 1
TxCnt: 38
From: 78c1e459c9b70a63
To: 8fd922cd7ddf4cc4
Sig1: a417c32dab590372
Sig2: 4de487333ad1c3ab
Data: []
INFO: 2018/11/25 12:26:02.759825 connect.go:71: Adding a new miner: 52.56.39.190:8000
INFO: 2018/11/25 12:26:02.761196 funds.go:153: Transaction successfully sent to network:
TxHash: cacb70ae327d81a06ce3432a1d88bb506195ff447bf614ae5bdad033a263ec01
Header: 0
Amount: 2
Fee: 1
TxCnt: 39
From: 78c1e459c9b70a63
To: 8fd922cd7ddf4cc4
Sig1: 02d0e846d0b11237
Sig2: 11ab248ae4b855b4
Data: []
INFO: 2018/11/25 12:26:22.779224 connect.go:71: Adding a new miner: 52.56.39.190:8000
INFO: 2018/11/25 12:26:22.780721 funds.go:153: Transaction successfully sent to network:
TxHash: e183840245aa6e2a28df656e6ab55dd01f7186622694cf8f587373ce48d50221
Header: 0
Amount: 2
Fee: 1
TxCnt: 40
From: 78c1e459c9b70a63
To: 8fd922cd7ddf4cc4
Sig1: b396577c05dbb2ba
Sig2: 7b7874ff843fdbe9
Data: []
INFO: 2018/11/25 12:26:42.798138 connect.go:71: Adding a new miner: 52.56.39.190:8000
INFO: 2018/11/25 12:26:42.799898 funds.go:153: Transaction successfully sent to network:
TxHash: 329fe200536a6fea53283dfdf8c939ed9d1db0761c4e7fcf04d0d298061a8912
Header: 0
Amount: 2
Fee: 1
TxCnt: 41
From: 78c1e459c9b70a63
To: 8fd922cd7ddf4cc4
Sig1: a6ae5a8f15ed18cf
Sig2: f9f9ff585a73c8d7
Data: []
INFO: 2018/11/25 12:27:02.817731 connect.go:71: Adding a new miner: 52.56.39.190:8000
INFO: 2018/11/25 12:27:02.819176 funds.go:153: Transaction successfully sent to network:
TxHash: 3625ea62c2c4a43322cfffa4586fb562b9906afe231f6660c47da33cb778dbc6
Header: 0
Amount: 2
Fee: 1
TxCnt: 42
From: 78c1e459c9b70a63
To: 8fd922cd7ddf4cc4
Sig1: 608a706876c6fb3c
Sig2: 6b6da3f8d6219a5c
Data: []
INFO: 2018/11/25 12:27:22.837080 connect.go:71: Adding a new miner: 52.56.39.190:8000
INFO: 2018/11/25 12:27:22.838406 funds.go:153: Transaction successfully sent to network:
TxHash: 2311c9002845251643e4216a91be2a9b383d8efae6de8b0b32d667496c1da795
Header: 0
Amount: 2
Fee: 1
TxCnt: 43
From: 78c1e459c9b70a63
To: 8fd922cd7ddf4cc4
Sig1: e61e43efaa204bff
Sig2: 1ec44b513477c0d5
Data: []
INFO: 2018/11/25 12:27:42.856403 connect.go:71: Adding a new miner: 52.56.39.190:8000
INFO: 2018/11/25 12:27:42.857685 funds.go:153: Transaction successfully sent to network:
TxHash: ac4ee08878686fff87ceaf93bdf8826fd607490045e930d85c6e60d15703cf8e
Header: 0
Amount: 2
Fee: 1
TxCnt: 44
From: 78c1e459c9b70a63
To: 8fd922cd7ddf4cc4
Sig1: c5d7907fb3528852
Sig2: bcbc19750f37d4ba
Data: []
INFO: 2018/11/25 12:28:02.875712 connect.go:71: Adding a new miner: 52.56.39.190:8000
INFO: 2018/11/25 12:28:02.877141 funds.go:153: Transaction successfully sent to network:
TxHash: cb3a48440cbc1ca4c6866022f853c364e2ecf9b242d0a7428009cb19ccc2ba55
Header: 0
Amount: 2
Fee: 1
TxCnt: 45
From: 78c1e459c9b70a63
To: 8fd922cd7ddf4cc4
Sig1: 837ba4ac172b13d2
Sig2: d7e07f46bce2df0e
Data: []
INFO: 2018/11/25 12:28:22.895062 connect.go:71: Adding a new miner: 52.56.39.190:8000
INFO: 2018/11/25 12:28:22.896380 funds.go:153: Transaction successfully sent to network:
TxHash: 159d6793264667f9283469b74c1669f200372cbc87139f71af6ef36ff4a9cea4
Header: 0
Amount: 2
Fee: 1
TxCnt: 46
From: 78c1e459c9b70a63
To: 8fd922cd7ddf4cc4
Sig1: ed57e2ac49063c17
Sig2: 5a2cda77a586f9bf
Data: []
INFO: 2018/11/25 12:28:42.914159 connect.go:71: Adding a new miner: 52.56.39.190:8000
INFO: 2018/11/25 12:28:42.915699 funds.go:153: Transaction successfully sent to network:
TxHash: 2c147c1ae1303dfca6c3e2a50f7ed4f1a4ae55fd6986ea3069c7ffb6e3bc7c97
Header: 0
Amount: 2
Fee: 1
TxCnt: 47
From: 78c1e459c9b70a63
To: 8fd922cd7ddf4cc4
Sig1: a7b8771e323aa78b
Sig2: 3ed1cdd70fb341ab
Data: []
INFO: 2018/11/25 12:29:02.933731 connect.go:71: Adding a new miner: 52.56.39.190:8000
INFO: 2018/11/25 12:29:02.934914 funds.go:153: Transaction successfully sent to network:
TxHash: 2148cf2718424d69bcf0f6ed9fdd6e1b2ace00d19143fe6bf88d3076385c6f65
Header: 0
Amount: 2
Fee: 1
TxCnt: 48
From: 78c1e459c9b70a63
To: 8fd922cd7ddf4cc4
Sig1: 2c0a26e14f05ec5e
Sig2: 5b14f602d58cd40b
Data: []
INFO: 2018/11/25 12:29:22.952517 connect.go:71: Adding a new miner: 52.56.39.190:8000
INFO: 2018/11/25 12:29:22.953877 funds.go:153: Transaction successfully sent to network:
TxHash: d137a49ebf09bdcfb408f68051ce2145e2e5116cdd6957d335ace4c301c9e47d
Header: 0
Amount: 2
Fee: 1
TxCnt: 49
From: 78c1e459c9b70a63
To: 8fd922cd7ddf4cc4
Sig1: de8c8fa5510f994d
Sig2: d5e33deabf73ea7f
Data: []
INFO: 2018/11/25 12:29:42.971393 connect.go:71: Adding a new miner: 52.56.39.190:8000
INFO: 2018/11/25 12:29:42.972677 funds.go:153: Transaction successfully sent to network:
TxHash: ebda9d252bcc7a6605a62ae1c433f803882c7c7bf67ee07fd2ee4a99503b0c37
Header: 0
Amount: 2
Fee: 1
TxCnt: 50
From: 78c1e459c9b70a63
To: 8fd922cd7ddf4cc4
Sig1: 7f0e1f549b214469
Sig2: 21d30588774c9759
Data: []
